{"level":"info","message":"API Gateway is running on port 3000","service":"api-gateway","timestamp":"2025-05-14T07:24:50.103Z"}
{"level":"info","message":"Identity service is running on port http://localhost:3001","service":"api-gateway","timestamp":"2025-05-14T07:24:50.110Z"}
{"level":"info","message":"Redis is running on port redis://localhost:6379","service":"api-gateway","timestamp":"2025-05-14T07:24:50.111Z"}
{"level":"info","message":"API Gateway is running on port 3000","service":"api-gateway","timestamp":"2025-05-14T07:25:08.471Z"}
{"level":"info","message":"Identity service is running on port http://localhost:3001","service":"api-gateway","timestamp":"2025-05-14T07:25:08.478Z"}
{"level":"info","message":"Redis is running on port redis://localhost:6379","service":"api-gateway","timestamp":"2025-05-14T07:25:08.479Z"}
{"level":"info","message":"API Gateway is running on port 3001","service":"api-gateway","timestamp":"2025-05-14T07:26:39.568Z"}
{"level":"info","message":"Identity service is running on port http://localhost:3002","service":"api-gateway","timestamp":"2025-05-14T07:26:39.574Z"}
{"level":"info","message":"Redis is running on port redis://localhost:6379","service":"api-gateway","timestamp":"2025-05-14T07:26:39.575Z"}
{"level":"info","message":"Received POST xrequest to /v1/auth/register","service":"api-gateway","timestamp":"2025-05-14T07:26:51.051Z"}
{"level":"info","message":"Request body, [object Object]","service":"api-gateway","timestamp":"2025-05-14T07:26:51.052Z"}
{"level":"error","message":"Proxy error: ","service":"api-gateway","timestamp":"2025-05-14T07:26:51.060Z"}
{"level":"info","message":"Received POST xrequest to /v1/auth/register","service":"api-gateway","timestamp":"2025-05-14T07:31:09.209Z"}
{"level":"info","message":"Request body, [object Object]","service":"api-gateway","timestamp":"2025-05-14T07:31:09.211Z"}
{"level":"info","message":"Response received from Identity service: 400","service":"api-gateway","timestamp":"2025-05-14T07:31:09.476Z"}
{"level":"info","message":"Received POST xrequest to /v1/auth/register","service":"api-gateway","timestamp":"2025-05-14T07:31:24.701Z"}
{"level":"info","message":"Request body, [object Object]","service":"api-gateway","timestamp":"2025-05-14T07:31:24.703Z"}
{"level":"info","message":"Response received from Identity service: 201","service":"api-gateway","timestamp":"2025-05-14T07:31:25.272Z"}
{"level":"info","message":"API Gateway is running on port 3001","service":"api-gateway","timestamp":"2025-05-14T13:52:30.196Z"}
{"level":"info","message":"Identity service is running on port http://localhost:3002","service":"api-gateway","timestamp":"2025-05-14T13:52:30.204Z"}
{"level":"info","message":"Post service is running on port http://localhost:3003","service":"api-gateway","timestamp":"2025-05-14T13:52:30.204Z"}
{"level":"info","message":"Redis is running on port redis://localhost:6379","service":"api-gateway","timestamp":"2025-05-14T13:52:30.204Z"}
{"level":"info","message":"Received POST xrequest to /v1/posts/create-post","service":"api-gateway","timestamp":"2025-05-14T13:53:37.358Z"}
{"level":"info","message":"Request body, [object Object]","service":"api-gateway","timestamp":"2025-05-14T13:53:37.358Z"}
{"level":"warn","message":"Access attempted without token","service":"api-gateway","timestamp":"2025-05-14T13:53:37.359Z"}
{"level":"info","message":"Received POST xrequest to /v1/auth/register","service":"api-gateway","timestamp":"2025-05-14T13:54:44.800Z"}
{"level":"info","message":"Request body, [object Object]","service":"api-gateway","timestamp":"2025-05-14T13:54:44.801Z"}
{"level":"info","message":"Response received from Identity service: 201","service":"api-gateway","timestamp":"2025-05-14T13:54:45.170Z"}
{"level":"info","message":"Received POST xrequest to /v1/posts/create-post","service":"api-gateway","timestamp":"2025-05-14T13:55:56.626Z"}
{"level":"info","message":"Request body, [object Object]","service":"api-gateway","timestamp":"2025-05-14T13:55:56.627Z"}
{"level":"warn","message":"Invalid token","service":"api-gateway","timestamp":"2025-05-14T13:55:56.628Z"}
{"level":"info","message":"Received POST xrequest to /v1/posts/create-post","service":"api-gateway","timestamp":"2025-05-14T13:57:05.655Z"}
{"level":"info","message":"Request body, [object Object]","service":"api-gateway","timestamp":"2025-05-14T13:57:05.656Z"}
{"level":"warn","message":"Invalid token","service":"api-gateway","timestamp":"2025-05-14T13:57:05.656Z"}
{"level":"info","message":"API Gateway is running on port 3001","service":"api-gateway","timestamp":"2025-05-14T13:57:35.423Z"}
{"level":"info","message":"Identity service is running on port http://localhost:3002","service":"api-gateway","timestamp":"2025-05-14T13:57:35.429Z"}
{"level":"info","message":"Post service is running on port http://localhost:3003","service":"api-gateway","timestamp":"2025-05-14T13:57:35.429Z"}
{"level":"info","message":"Redis is running on port redis://localhost:6379","service":"api-gateway","timestamp":"2025-05-14T13:57:35.429Z"}
{"level":"info","message":"Received POST xrequest to /v1/posts/create-post","service":"api-gateway","timestamp":"2025-05-14T13:57:41.942Z"}
{"level":"info","message":"Request body, [object Object]","service":"api-gateway","timestamp":"2025-05-14T13:57:41.943Z"}
{"level":"warn","message":"Access attempted without token","service":"api-gateway","timestamp":"2025-05-14T13:57:41.944Z"}
{"level":"error","message":"Unexpected non-whitespace character after JSON at position 94","service":"identity-service","stack":"SyntaxError: Unexpected non-whitespace character after JSON at position 94\n    at JSON.parse (<anonymous>)\n    at parse (C:\\Users\\Yash.Dhawane\\OneDrive - Reliance Corporate IT Park Limited\\Documents\\study\\micro\\MIcroservice\\api-gateway\\node_modules\\body-parser\\lib\\types\\json.js:77:19)\n    at C:\\Users\\Yash.Dhawane\\OneDrive - Reliance Corporate IT Park Limited\\Documents\\study\\micro\\MIcroservice\\api-gateway\\node_modules\\body-parser\\lib\\read.js:123:18\n    at AsyncResource.runInAsyncScope (node:async_hooks:206:9)\n    at invokeCallback (C:\\Users\\Yash.Dhawane\\OneDrive - Reliance Corporate IT Park Limited\\Documents\\study\\micro\\MIcroservice\\api-gateway\\node_modules\\raw-body\\index.js:238:16)\n    at done (C:\\Users\\Yash.Dhawane\\OneDrive - Reliance Corporate IT Park Limited\\Documents\\study\\micro\\MIcroservice\\api-gateway\\node_modules\\raw-body\\index.js:227:7)\n    at IncomingMessage.onEnd (C:\\Users\\Yash.Dhawane\\OneDrive - Reliance Corporate IT Park Limited\\Documents\\study\\micro\\MIcroservice\\api-gateway\\node_modules\\raw-body\\index.js:287:7)\n    at IncomingMessage.emit (node:events:518:28)\n    at endReadableNT (node:internal/streams/readable:1696:12)\n    at process.processTicksAndRejections (node:internal/process/task_queues:82:21)","timestamp":"2025-05-14T13:58:27.430Z"}
{"level":"info","message":"Received POST xrequest to /v1/auth/register","service":"api-gateway","timestamp":"2025-05-14T13:58:37.966Z"}
{"level":"info","message":"Request body, [object Object]","service":"api-gateway","timestamp":"2025-05-14T13:58:37.966Z"}
{"level":"info","message":"Response received from Identity service: 400","service":"api-gateway","timestamp":"2025-05-14T13:58:38.012Z"}
{"level":"info","message":"Received POST xrequest to /v1/auth/register","service":"api-gateway","timestamp":"2025-05-14T13:59:44.535Z"}
{"level":"info","message":"Request body, [object Object]","service":"api-gateway","timestamp":"2025-05-14T13:59:44.535Z"}
{"level":"info","message":"Response received from Identity service: 201","service":"api-gateway","timestamp":"2025-05-14T13:59:44.747Z"}
{"level":"info","message":"Received POST xrequest to /v1/posts/create-post","service":"api-gateway","timestamp":"2025-05-14T14:00:21.773Z"}
{"level":"info","message":"Request body, [object Object]","service":"api-gateway","timestamp":"2025-05-14T14:00:21.773Z"}
{"level":"warn","message":"Access attempted without token","service":"api-gateway","timestamp":"2025-05-14T14:00:21.774Z"}
{"level":"info","message":"Received POST xrequest to /v1/posts/create-post","service":"api-gateway","timestamp":"2025-05-14T14:01:23.572Z"}
{"level":"info","message":"Request body, [object Object]","service":"api-gateway","timestamp":"2025-05-14T14:01:23.573Z"}
{"level":"warn","message":"Access attempted without token","service":"api-gateway","timestamp":"2025-05-14T14:01:23.573Z"}
{"level":"info","message":"Received POST xrequest to /v1/auth/login","service":"api-gateway","timestamp":"2025-05-14T14:08:56.386Z"}
{"level":"info","message":"Request body, [object Object]","service":"api-gateway","timestamp":"2025-05-14T14:08:56.395Z"}
{"level":"info","message":"Response received from Identity service: 400","service":"api-gateway","timestamp":"2025-05-14T14:08:56.516Z"}
{"level":"info","message":"Received POST xrequest to /v1/auth/login","service":"api-gateway","timestamp":"2025-05-14T14:09:02.250Z"}
{"level":"info","message":"Request body, [object Object]","service":"api-gateway","timestamp":"2025-05-14T14:09:02.250Z"}
{"level":"info","message":"Response received from Identity service: 200","service":"api-gateway","timestamp":"2025-05-14T14:09:02.752Z"}
{"level":"info","message":"Received POST xrequest to /v1/posts/create-post","service":"api-gateway","timestamp":"2025-05-14T14:09:41.942Z"}
{"level":"info","message":"Request body, [object Object]","service":"api-gateway","timestamp":"2025-05-14T14:09:41.943Z"}
{"level":"warn","message":"Access attempted without token","service":"api-gateway","timestamp":"2025-05-14T14:09:41.944Z"}
{"level":"info","message":"Received POST xrequest to /v1/posts/create-post","service":"api-gateway","timestamp":"2025-05-14T14:10:08.364Z"}
{"level":"info","message":"Request body, [object Object]","service":"api-gateway","timestamp":"2025-05-14T14:10:08.365Z"}
{"level":"warn","message":"Access attempted without token","service":"api-gateway","timestamp":"2025-05-14T14:10:08.365Z"}
{"level":"info","message":"API Gateway is running on port 3001","service":"api-gateway","timestamp":"2025-05-14T14:10:40.023Z"}
{"level":"info","message":"Identity service is running on port http://localhost:3002","service":"api-gateway","timestamp":"2025-05-14T14:10:40.036Z"}
{"level":"info","message":"Post service is running on port http://localhost:3003","service":"api-gateway","timestamp":"2025-05-14T14:10:40.037Z"}
{"level":"info","message":"Redis is running on port redis://localhost:6379","service":"api-gateway","timestamp":"2025-05-14T14:10:40.038Z"}
{"level":"info","message":"Received POST xrequest to /v1/posts/create-post","service":"api-gateway","timestamp":"2025-05-14T14:10:50.590Z"}
{"level":"info","message":"Request body, [object Object]","service":"api-gateway","timestamp":"2025-05-14T14:10:50.591Z"}
{"level":"warn","message":"Invalid token","service":"api-gateway","timestamp":"2025-05-14T14:10:50.593Z"}
{"level":"info","message":"Received POST xrequest to /v1/auth/login","service":"api-gateway","timestamp":"2025-05-14T14:11:37.617Z"}
{"level":"info","message":"Request body, [object Object]","service":"api-gateway","timestamp":"2025-05-14T14:11:37.618Z"}
{"level":"info","message":"Response received from Identity service: 200","service":"api-gateway","timestamp":"2025-05-14T14:11:37.880Z"}
{"level":"info","message":"Received POST xrequest to /v1/posts/create-post","service":"api-gateway","timestamp":"2025-05-14T14:12:06.816Z"}
{"level":"info","message":"Request body, [object Object]","service":"api-gateway","timestamp":"2025-05-14T14:12:06.817Z"}
{"level":"warn","message":"Invalid token","service":"api-gateway","timestamp":"2025-05-14T14:12:06.824Z"}
{"level":"info","message":"Received POST xrequest to /v1/posts/create-post","service":"api-gateway","timestamp":"2025-05-14T14:13:01.352Z"}
{"level":"info","message":"Request body, [object Object]","service":"api-gateway","timestamp":"2025-05-14T14:13:01.353Z"}
{"level":"warn","message":"Invalid token","service":"api-gateway","timestamp":"2025-05-14T14:13:01.355Z"}
{"level":"info","message":"Received POST xrequest to /v1/posts/create-post","service":"api-gateway","timestamp":"2025-05-14T14:13:16.399Z"}
{"level":"info","message":"Request body, [object Object]","service":"api-gateway","timestamp":"2025-05-14T14:13:16.400Z"}
{"level":"warn","message":"Access attempted without token","service":"api-gateway","timestamp":"2025-05-14T14:13:16.402Z"}
{"level":"info","message":"API Gateway is running on port 3001","service":"api-gateway","timestamp":"2025-05-14T14:13:32.009Z"}
{"level":"info","message":"Identity service is running on port http://localhost:3002","service":"api-gateway","timestamp":"2025-05-14T14:13:32.018Z"}
{"level":"info","message":"Post service is running on port http://localhost:3003","service":"api-gateway","timestamp":"2025-05-14T14:13:32.018Z"}
{"level":"info","message":"Redis is running on port redis://localhost:6379","service":"api-gateway","timestamp":"2025-05-14T14:13:32.019Z"}
{"level":"info","message":"API Gateway is running on port 3001","service":"api-gateway","timestamp":"2025-05-14T14:13:42.013Z"}
{"level":"info","message":"Identity service is running on port http://localhost:3002","service":"api-gateway","timestamp":"2025-05-14T14:13:42.022Z"}
{"level":"info","message":"Post service is running on port http://localhost:3003","service":"api-gateway","timestamp":"2025-05-14T14:13:42.023Z"}
{"level":"info","message":"Redis is running on port redis://localhost:6379","service":"api-gateway","timestamp":"2025-05-14T14:13:42.023Z"}
{"level":"info","message":"Received POST xrequest to /v1/posts/create-post","service":"api-gateway","timestamp":"2025-05-14T14:13:51.082Z"}
{"level":"info","message":"Request body, [object Object]","service":"api-gateway","timestamp":"2025-05-14T14:13:51.082Z"}
{"level":"warn","message":"Access attempted without token","service":"api-gateway","timestamp":"2025-05-14T14:13:51.084Z"}
{"level":"info","message":"API Gateway is running on port 3001","service":"api-gateway","timestamp":"2025-05-14T14:14:15.872Z"}
{"level":"info","message":"Identity service is running on port http://localhost:3002","service":"api-gateway","timestamp":"2025-05-14T14:14:15.884Z"}
{"level":"info","message":"Post service is running on port http://localhost:3003","service":"api-gateway","timestamp":"2025-05-14T14:14:15.885Z"}
{"level":"info","message":"Redis is running on port redis://localhost:6379","service":"api-gateway","timestamp":"2025-05-14T14:14:15.885Z"}
{"level":"info","message":"API Gateway is running on port 3001","service":"api-gateway","timestamp":"2025-05-14T14:14:20.447Z"}
{"level":"info","message":"Identity service is running on port http://localhost:3002","service":"api-gateway","timestamp":"2025-05-14T14:14:20.456Z"}
{"level":"info","message":"Post service is running on port http://localhost:3003","service":"api-gateway","timestamp":"2025-05-14T14:14:20.457Z"}
{"level":"info","message":"Redis is running on port redis://localhost:6379","service":"api-gateway","timestamp":"2025-05-14T14:14:20.457Z"}
{"level":"info","message":"Received POST xrequest to /v1/posts/create-post","service":"api-gateway","timestamp":"2025-05-14T14:14:25.909Z"}
{"level":"info","message":"Request body, [object Object]","service":"api-gateway","timestamp":"2025-05-14T14:14:25.910Z"}
{"level":"warn","message":"Access attempted without token","service":"api-gateway","timestamp":"2025-05-14T14:14:25.915Z"}
{"level":"info","message":"Received POST xrequest to /v1/posts/create-post","service":"api-gateway","timestamp":"2025-05-14T14:14:43.664Z"}
{"level":"info","message":"Request body, [object Object]","service":"api-gateway","timestamp":"2025-05-14T14:14:43.665Z"}
{"level":"warn","message":"Invalid token","service":"api-gateway","timestamp":"2025-05-14T14:14:43.668Z"}
{"level":"info","message":"Received POST xrequest to /v1/auth/login","service":"api-gateway","timestamp":"2025-05-14T14:15:20.970Z"}
{"level":"info","message":"Request body, [object Object]","service":"api-gateway","timestamp":"2025-05-14T14:15:20.971Z"}
{"level":"info","message":"Response received from Identity service: 200","service":"api-gateway","timestamp":"2025-05-14T14:15:21.229Z"}
{"level":"info","message":"Received POST xrequest to /v1/auth/login","service":"api-gateway","timestamp":"2025-05-14T14:15:42.891Z"}
{"level":"info","message":"Request body, [object Object]","service":"api-gateway","timestamp":"2025-05-14T14:15:42.892Z"}
{"level":"info","message":"Response received from Identity service: 400","service":"api-gateway","timestamp":"2025-05-14T14:15:42.916Z"}
{"level":"info","message":"Received POST xrequest to /v1/posts/create-post","service":"api-gateway","timestamp":"2025-05-14T14:15:55.543Z"}
{"level":"info","message":"Request body, [object Object]","service":"api-gateway","timestamp":"2025-05-14T14:15:55.543Z"}
{"level":"warn","message":"Invalid token","service":"api-gateway","timestamp":"2025-05-14T14:15:55.545Z"}
{"level":"info","message":"API Gateway is running on port 3001","service":"api-gateway","timestamp":"2025-05-14T14:17:49.749Z"}
{"level":"info","message":"Identity service is running on port http://localhost:3002","service":"api-gateway","timestamp":"2025-05-14T14:17:49.764Z"}
{"level":"info","message":"Post service is running on port http://localhost:3003","service":"api-gateway","timestamp":"2025-05-14T14:17:49.765Z"}
{"level":"info","message":"Redis is running on port redis://localhost:6379","service":"api-gateway","timestamp":"2025-05-14T14:17:49.766Z"}
{"level":"info","message":"API Gateway is running on port 3001","service":"api-gateway","timestamp":"2025-05-14T14:18:19.032Z"}
{"level":"info","message":"Identity service is running on port http://localhost:3002","service":"api-gateway","timestamp":"2025-05-14T14:18:19.048Z"}
{"level":"info","message":"Post service is running on port http://localhost:3003","service":"api-gateway","timestamp":"2025-05-14T14:18:19.049Z"}
{"level":"info","message":"Redis is running on port redis://localhost:6379","service":"api-gateway","timestamp":"2025-05-14T14:18:19.049Z"}
{"level":"info","message":"Received POST xrequest to /v1/auth/login","service":"api-gateway","timestamp":"2025-05-14T14:18:35.380Z"}
{"level":"info","message":"Request body, [object Object]","service":"api-gateway","timestamp":"2025-05-14T14:18:35.381Z"}
{"level":"info","message":"Response received from Identity service: 200","service":"api-gateway","timestamp":"2025-05-14T14:18:35.645Z"}
{"level":"info","message":"Received POST xrequest to /v1/posts/create-post","service":"api-gateway","timestamp":"2025-05-14T14:18:49.985Z"}
{"level":"info","message":"Request body, [object Object]","service":"api-gateway","timestamp":"2025-05-14T14:18:49.985Z"}
{"level":"warn","message":"Invalid token: secret or public key must be provided","service":"api-gateway","timestamp":"2025-05-14T14:18:49.990Z"}
{"level":"info","message":"Received POST xrequest to /v1/posts/create-post","service":"api-gateway","timestamp":"2025-05-14T14:19:28.001Z"}
{"level":"info","message":"Request body, [object Object]","service":"api-gateway","timestamp":"2025-05-14T14:19:28.002Z"}
{"level":"warn","message":"Invalid token: secret or public key must be provided","service":"api-gateway","timestamp":"2025-05-14T14:19:28.003Z"}
{"level":"info","message":"API Gateway is running on port 3001","service":"api-gateway","timestamp":"2025-05-14T14:19:51.914Z"}
{"level":"info","message":"Identity service is running on port http://localhost:3002","service":"api-gateway","timestamp":"2025-05-14T14:19:51.924Z"}
{"level":"info","message":"Post service is running on port http://localhost:3003","service":"api-gateway","timestamp":"2025-05-14T14:19:51.925Z"}
{"level":"info","message":"Redis is running on port redis://localhost:6379","service":"api-gateway","timestamp":"2025-05-14T14:19:51.925Z"}
{"level":"info","message":"Received POST xrequest to /v1/auth/login","service":"api-gateway","timestamp":"2025-05-14T14:20:31.872Z"}
{"level":"info","message":"Request body, [object Object]","service":"api-gateway","timestamp":"2025-05-14T14:20:31.873Z"}
{"level":"info","message":"Response received from Identity service: 200","service":"api-gateway","timestamp":"2025-05-14T14:20:32.059Z"}
{"level":"info","message":"Received POST xrequest to /v1/posts/create-post","service":"api-gateway","timestamp":"2025-05-14T14:20:46.800Z"}
{"level":"info","message":"Request body, [object Object]","service":"api-gateway","timestamp":"2025-05-14T14:20:46.801Z"}
{"level":"info","message":"Response received from Post service: 400","service":"api-gateway","timestamp":"2025-05-14T14:20:47.102Z"}
{"level":"info","message":"Received POST xrequest to /v1/posts/create-post","service":"api-gateway","timestamp":"2025-05-14T14:20:54.478Z"}
{"level":"info","message":"Request body, [object Object]","service":"api-gateway","timestamp":"2025-05-14T14:20:54.479Z"}
{"level":"info","message":"Response received from Post service: 201","service":"api-gateway","timestamp":"2025-05-14T14:20:54.778Z"}
{"level":"info","message":"API Gateway is running on port 3001","service":"api-gateway","timestamp":"2025-05-14T14:21:13.792Z"}
{"level":"info","message":"Identity service is running on port http://localhost:3002","service":"api-gateway","timestamp":"2025-05-14T14:21:13.800Z"}
{"level":"info","message":"Post service is running on port http://localhost:3003","service":"api-gateway","timestamp":"2025-05-14T14:21:13.801Z"}
{"level":"info","message":"Redis is running on port redis://localhost:6379","service":"api-gateway","timestamp":"2025-05-14T14:21:13.801Z"}
{"level":"info","message":"API Gateway is running on port 3001","service":"api-gateway","timestamp":"2025-05-15T07:33:26.076Z"}
{"level":"info","message":"Identity service is running on port http://localhost:3002","service":"api-gateway","timestamp":"2025-05-15T07:33:26.084Z"}
{"level":"info","message":"Post service is running on port http://localhost:3003","service":"api-gateway","timestamp":"2025-05-15T07:33:26.085Z"}
{"level":"info","message":"Redis is running on port redis://localhost:6379","service":"api-gateway","timestamp":"2025-05-15T07:33:26.085Z"}
{"level":"info","message":"Received POST xrequest to /v1/auth/register","service":"api-gateway","timestamp":"2025-05-15T07:46:53.571Z"}
{"level":"info","message":"Request body, [object Object]","service":"api-gateway","timestamp":"2025-05-15T07:46:53.582Z"}
{"level":"info","message":"Response received from Identity service: 400","service":"api-gateway","timestamp":"2025-05-15T07:46:53.876Z"}
{"level":"info","message":"Received POST xrequest to /v1/auth/register","service":"api-gateway","timestamp":"2025-05-15T07:47:18.065Z"}
{"level":"info","message":"Request body, [object Object]","service":"api-gateway","timestamp":"2025-05-15T07:47:18.066Z"}
{"level":"info","message":"Response received from Identity service: 201","service":"api-gateway","timestamp":"2025-05-15T07:47:18.359Z"}
{"level":"info","message":"Received POST xrequest to /v1/auth/login","service":"api-gateway","timestamp":"2025-05-15T07:48:16.664Z"}
{"level":"info","message":"Request body, [object Object]","service":"api-gateway","timestamp":"2025-05-15T07:48:16.666Z"}
{"level":"info","message":"Response received from Identity service: 200","service":"api-gateway","timestamp":"2025-05-15T07:48:16.800Z"}
{"level":"info","message":"Received POST xrequest to /v1/posts/create-post","service":"api-gateway","timestamp":"2025-05-15T07:51:07.577Z"}
{"level":"info","message":"Request body, [object Object]","service":"api-gateway","timestamp":"2025-05-15T07:51:07.578Z"}
{"level":"info","message":"Response received from Post service: 201","service":"api-gateway","timestamp":"2025-05-15T07:51:08.011Z"}
{"level":"info","message":"API Gateway is running on port 3001","service":"api-gateway","timestamp":"2025-05-15T08:42:45.658Z"}
{"level":"info","message":"Identity service is running on port http://localhost:3002","service":"api-gateway","timestamp":"2025-05-15T08:42:45.666Z"}
{"level":"info","message":"Post service is running on port http://localhost:3003","service":"api-gateway","timestamp":"2025-05-15T08:42:45.667Z"}
{"level":"info","message":"Redis is running on port redis://localhost:6379","service":"api-gateway","timestamp":"2025-05-15T08:42:45.668Z"}
{"level":"info","message":"Received GET xrequest to /v1/posts/all-posts","service":"api-gateway","timestamp":"2025-05-15T08:43:47.346Z"}
{"level":"info","message":"Request body, undefined","service":"api-gateway","timestamp":"2025-05-15T08:43:47.347Z"}
{"level":"warn","message":"Access attempted without token","service":"api-gateway","timestamp":"2025-05-15T08:43:47.348Z"}
{"level":"info","message":"Received GET xrequest to /v1/posts/all-posts","service":"api-gateway","timestamp":"2025-05-15T08:44:06.023Z"}
{"level":"info","message":"Request body, undefined","service":"api-gateway","timestamp":"2025-05-15T08:44:06.023Z"}
{"level":"info","message":"Response received from Post service: 200","service":"api-gateway","timestamp":"2025-05-15T08:44:06.301Z"}
{"level":"info","message":"Received GET xrequest to /v1/posts/all-posts","service":"api-gateway","timestamp":"2025-05-15T08:46:20.826Z"}
{"level":"info","message":"Request body, undefined","service":"api-gateway","timestamp":"2025-05-15T08:46:20.830Z"}
{"level":"info","message":"Response received from Post service: 200","service":"api-gateway","timestamp":"2025-05-15T08:46:20.901Z"}
{"level":"info","message":"Received GET xrequest to /v1/posts/all-posts","service":"api-gateway","timestamp":"2025-05-15T08:46:23.127Z"}
{"level":"info","message":"Request body, undefined","service":"api-gateway","timestamp":"2025-05-15T08:46:23.128Z"}
{"level":"info","message":"Response received from Post service: 200","service":"api-gateway","timestamp":"2025-05-15T08:46:23.142Z"}
{"level":"info","message":"Received GET xrequest to /v1/posts/all-posts","service":"api-gateway","timestamp":"2025-05-15T08:46:24.642Z"}
{"level":"info","message":"Request body, undefined","service":"api-gateway","timestamp":"2025-05-15T08:46:24.643Z"}
{"level":"info","message":"Response received from Post service: 200","service":"api-gateway","timestamp":"2025-05-15T08:46:24.657Z"}
{"level":"info","message":"Received GET xrequest to /v1/posts/all-posts","service":"api-gateway","timestamp":"2025-05-15T08:46:25.866Z"}
{"level":"info","message":"Request body, undefined","service":"api-gateway","timestamp":"2025-05-15T08:46:25.867Z"}
{"level":"info","message":"Response received from Post service: 200","service":"api-gateway","timestamp":"2025-05-15T08:46:25.879Z"}
{"level":"info","message":"Received GET xrequest to /v1/posts/all-posts","service":"api-gateway","timestamp":"2025-05-15T08:46:27.026Z"}
{"level":"info","message":"Request body, undefined","service":"api-gateway","timestamp":"2025-05-15T08:46:27.027Z"}
{"level":"info","message":"Response received from Post service: 200","service":"api-gateway","timestamp":"2025-05-15T08:46:27.044Z"}
{"level":"info","message":"Received GET xrequest to /v1/posts/all-posts","service":"api-gateway","timestamp":"2025-05-15T08:46:28.099Z"}
{"level":"info","message":"Request body, undefined","service":"api-gateway","timestamp":"2025-05-15T08:46:28.100Z"}
{"level":"info","message":"Response received from Post service: 200","service":"api-gateway","timestamp":"2025-05-15T08:46:28.112Z"}
{"level":"info","message":"Received POST xrequest to /v1/posts/create-post","service":"api-gateway","timestamp":"2025-05-15T08:46:36.625Z"}
{"level":"info","message":"Request body, [object Object]","service":"api-gateway","timestamp":"2025-05-15T08:46:36.626Z"}
{"level":"info","message":"Response received from Post service: 201","service":"api-gateway","timestamp":"2025-05-15T08:46:36.785Z"}
{"level":"info","message":"Received GET xrequest to /v1/posts/all-posts","service":"api-gateway","timestamp":"2025-05-15T08:46:48.546Z"}
{"level":"info","message":"Request body, undefined","service":"api-gateway","timestamp":"2025-05-15T08:46:48.546Z"}
{"level":"info","message":"Response received from Post service: 200","service":"api-gateway","timestamp":"2025-05-15T08:46:48.586Z"}
{"level":"info","message":"Received GET xrequest to /v1/posts/all-posts","service":"api-gateway","timestamp":"2025-05-15T08:47:27.939Z"}
{"level":"info","message":"Request body, undefined","service":"api-gateway","timestamp":"2025-05-15T08:47:27.939Z"}
{"level":"info","message":"Response received from Post service: 200","service":"api-gateway","timestamp":"2025-05-15T08:47:27.948Z"}
{"level":"info","message":"Received POST xrequest to /v1/posts/create-post","service":"api-gateway","timestamp":"2025-05-15T08:47:50.724Z"}
{"level":"info","message":"Request body, [object Object]","service":"api-gateway","timestamp":"2025-05-15T08:47:50.724Z"}
{"level":"info","message":"Response received from Post service: 201","service":"api-gateway","timestamp":"2025-05-15T08:47:50.763Z"}
{"level":"info","message":"Received GET xrequest to /v1/posts/all-posts","service":"api-gateway","timestamp":"2025-05-15T08:48:02.444Z"}
{"level":"info","message":"Request body, undefined","service":"api-gateway","timestamp":"2025-05-15T08:48:02.444Z"}
{"level":"info","message":"Response received from Post service: 200","service":"api-gateway","timestamp":"2025-05-15T08:48:02.482Z"}
{"level":"info","message":"Received GET xrequest to /v1/posts/all-posts","service":"api-gateway","timestamp":"2025-05-15T08:48:13.417Z"}
{"level":"info","message":"Request body, undefined","service":"api-gateway","timestamp":"2025-05-15T08:48:13.417Z"}
{"level":"info","message":"Response received from Post service: 200","service":"api-gateway","timestamp":"2025-05-15T08:48:13.429Z"}
{"level":"info","message":"Received GET xrequest to /v1/posts/68259ceb8c90fc1bf4c3b719","service":"api-gateway","timestamp":"2025-05-15T08:56:11.251Z"}
{"level":"info","message":"Request body, undefined","service":"api-gateway","timestamp":"2025-05-15T08:56:11.257Z"}
{"level":"warn","message":"Access attempted without token","service":"api-gateway","timestamp":"2025-05-15T08:56:11.257Z"}
{"level":"info","message":"Received GET xrequest to /v1/posts/68259ceb8c90fc1bf4c3b719","service":"api-gateway","timestamp":"2025-05-15T08:56:33.236Z"}
{"level":"info","message":"Request body, undefined","service":"api-gateway","timestamp":"2025-05-15T08:56:33.237Z"}
{"level":"warn","message":"Invalid token: jwt expired","service":"api-gateway","timestamp":"2025-05-15T08:56:33.243Z"}
{"level":"info","message":"Received POST xrequest to /v1/auth/refresh-token","service":"api-gateway","timestamp":"2025-05-15T09:00:53.285Z"}
{"level":"info","message":"Request body, [object Object]","service":"api-gateway","timestamp":"2025-05-15T09:00:53.287Z"}
{"level":"info","message":"Response received from Identity service: 400","service":"api-gateway","timestamp":"2025-05-15T09:00:53.524Z"}
{"level":"info","message":"Received POST xrequest to /v1/auth/refresh-token","service":"api-gateway","timestamp":"2025-05-15T09:01:30.115Z"}
{"level":"info","message":"Request body, [object Object]","service":"api-gateway","timestamp":"2025-05-15T09:01:30.116Z"}
{"level":"info","message":"Response received from Identity service: 401","service":"api-gateway","timestamp":"2025-05-15T09:01:30.178Z"}
{"level":"info","message":"Received POST xrequest to /v1/auth/refresh-token","service":"api-gateway","timestamp":"2025-05-15T09:03:43.066Z"}
{"level":"info","message":"Request body, [object Object]","service":"api-gateway","timestamp":"2025-05-15T09:03:43.067Z"}
{"level":"info","message":"Response received from Identity service: 401","service":"api-gateway","timestamp":"2025-05-15T09:03:43.155Z"}
{"level":"info","message":"Received POST xrequest to /v1/auth/refresh-token","service":"api-gateway","timestamp":"2025-05-15T09:04:35.008Z"}
{"level":"info","message":"Request body, [object Object]","service":"api-gateway","timestamp":"2025-05-15T09:04:35.009Z"}
{"level":"info","message":"Response received from Identity service: 200","service":"api-gateway","timestamp":"2025-05-15T09:04:35.107Z"}
{"level":"info","message":"Received GET xrequest to /v1/posts/68259ceb8c90fc1bf4c3b719","service":"api-gateway","timestamp":"2025-05-15T09:05:09.319Z"}
{"level":"info","message":"Request body, undefined","service":"api-gateway","timestamp":"2025-05-15T09:05:09.320Z"}
{"level":"info","message":"Response received from Post service: 200","service":"api-gateway","timestamp":"2025-05-15T09:05:09.474Z"}
{"level":"info","message":"Received GET xrequest to /v1/posts/68259ceb8c90fc1bf4c3b719","service":"api-gateway","timestamp":"2025-05-15T09:06:50.272Z"}
{"level":"info","message":"Request body, undefined","service":"api-gateway","timestamp":"2025-05-15T09:06:50.273Z"}
{"level":"info","message":"Response received from Post service: 200","service":"api-gateway","timestamp":"2025-05-15T09:06:50.305Z"}
{"level":"info","message":"Received GET xrequest to /v1/posts/68259ceb8c90fc1bf4c3b719","service":"api-gateway","timestamp":"2025-05-15T09:07:54.631Z"}
{"level":"info","message":"Request body, undefined","service":"api-gateway","timestamp":"2025-05-15T09:07:54.631Z"}
{"level":"info","message":"Response received from Post service: 200","service":"api-gateway","timestamp":"2025-05-15T09:07:54.724Z"}
{"level":"info","message":"Received GET xrequest to /v1/posts/68259ceb8c90fc1bf4c3b719","service":"api-gateway","timestamp":"2025-05-15T09:08:20.033Z"}
{"level":"info","message":"Request body, undefined","service":"api-gateway","timestamp":"2025-05-15T09:08:20.034Z"}
{"level":"info","message":"Response received from Post service: 200","service":"api-gateway","timestamp":"2025-05-15T09:08:20.067Z"}
{"level":"info","message":"Received GET xrequest to /v1/posts/68259ceb8c90fc1bf4c3b719","service":"api-gateway","timestamp":"2025-05-15T09:08:50.775Z"}
{"level":"info","message":"Request body, undefined","service":"api-gateway","timestamp":"2025-05-15T09:08:50.775Z"}
{"level":"info","message":"Response received from Post service: 200","service":"api-gateway","timestamp":"2025-05-15T09:08:50.913Z"}
{"level":"info","message":"Received GET xrequest to /v1/posts/68259ceb8c90fc1bf4c3b719","service":"api-gateway","timestamp":"2025-05-15T09:09:04.271Z"}
{"level":"info","message":"Request body, undefined","service":"api-gateway","timestamp":"2025-05-15T09:09:04.271Z"}
{"level":"info","message":"Response received from Post service: 200","service":"api-gateway","timestamp":"2025-05-15T09:09:04.295Z"}
{"level":"info","message":"Received GET xrequest to /v1/posts/6825a9ec47090e9b3d4a1ab2","service":"api-gateway","timestamp":"2025-05-15T09:09:56.289Z"}
{"level":"info","message":"Request body, undefined","service":"api-gateway","timestamp":"2025-05-15T09:09:56.290Z"}
{"level":"info","message":"Response received from Post service: 200","service":"api-gateway","timestamp":"2025-05-15T09:09:56.349Z"}
{"level":"info","message":"Received GET xrequest to /v1/posts/6825a9ec47090e9b3d4a1ab2","service":"api-gateway","timestamp":"2025-05-15T09:12:11.904Z"}
{"level":"info","message":"Request body, undefined","service":"api-gateway","timestamp":"2025-05-15T09:12:11.906Z"}
{"level":"info","message":"Response received from Post service: 200","service":"api-gateway","timestamp":"2025-05-15T09:12:12.013Z"}
{"level":"info","message":"Received GET xrequest to /v1/posts/6825a9ec47090e9b3d4a1ab2","service":"api-gateway","timestamp":"2025-05-15T09:12:42.547Z"}
{"level":"info","message":"Request body, undefined","service":"api-gateway","timestamp":"2025-05-15T09:12:42.547Z"}
{"level":"info","message":"Response received from Post service: 200","service":"api-gateway","timestamp":"2025-05-15T09:12:42.559Z"}
{"level":"info","message":"Received GET xrequest to /v1/posts/6825aa3647090e9b3d4a1ab6","service":"api-gateway","timestamp":"2025-05-15T09:13:12.304Z"}
{"level":"info","message":"Request body, undefined","service":"api-gateway","timestamp":"2025-05-15T09:13:12.304Z"}
{"level":"info","message":"Response received from Post service: 200","service":"api-gateway","timestamp":"2025-05-15T09:13:12.327Z"}
{"level":"info","message":"Received GET xrequest to /v1/posts/6825aa3647090e9b3d4a1ab6","service":"api-gateway","timestamp":"2025-05-15T09:13:23.406Z"}
{"level":"info","message":"Request body, undefined","service":"api-gateway","timestamp":"2025-05-15T09:13:23.407Z"}
{"level":"info","message":"Response received from Post service: 200","service":"api-gateway","timestamp":"2025-05-15T09:13:23.424Z"}
{"level":"info","message":"Received GET xrequest to /v1/posts/delete-post/6825aa3647090e9b3d4a1ab6","service":"api-gateway","timestamp":"2025-05-15T09:19:10.491Z"}
{"level":"info","message":"Request body, undefined","service":"api-gateway","timestamp":"2025-05-15T09:19:10.497Z"}
{"level":"warn","message":"Access attempted without token","service":"api-gateway","timestamp":"2025-05-15T09:19:10.498Z"}
{"level":"info","message":"Received GET xrequest to /v1/posts/delete-post/6825aa3647090e9b3d4a1ab6","service":"api-gateway","timestamp":"2025-05-15T09:19:26.693Z"}
{"level":"info","message":"Request body, undefined","service":"api-gateway","timestamp":"2025-05-15T09:19:26.693Z"}
{"level":"info","message":"Response received from Post service: 404","service":"api-gateway","timestamp":"2025-05-15T09:19:26.783Z"}
{"level":"info","message":"Received DELETE xrequest to /v1/posts/delete-post/6825aa3647090e9b3d4a1ab6","service":"api-gateway","timestamp":"2025-05-15T09:19:37.759Z"}
{"level":"info","message":"Request body, undefined","service":"api-gateway","timestamp":"2025-05-15T09:19:37.760Z"}
{"level":"info","message":"Response received from Post service: 200","service":"api-gateway","timestamp":"2025-05-15T09:19:37.799Z"}
{"level":"info","message":"API Gateway is running on port 3001","service":"api-gateway","timestamp":"2025-05-18T05:41:31.585Z"}
{"level":"info","message":"Identity service is running on port http://localhost:3002","service":"api-gateway","timestamp":"2025-05-18T05:41:31.592Z"}
{"level":"info","message":"Post service is running on port http://localhost:3003","service":"api-gateway","timestamp":"2025-05-18T05:41:31.593Z"}
{"level":"info","message":"Media service is running on port http://localhost:3004","service":"api-gateway","timestamp":"2025-05-18T05:41:31.593Z"}
{"level":"info","message":"Redis is running on port redis://localhost:6379","service":"api-gateway","timestamp":"2025-05-18T05:41:31.593Z"}
{"level":"info","message":"Received POST xrequest to /v1/auth/login","service":"api-gateway","timestamp":"2025-05-18T06:15:16.158Z"}
{"level":"info","message":"Request body, [object Object]","service":"api-gateway","timestamp":"2025-05-18T06:15:16.165Z"}
{"level":"info","message":"Response received from Identity service: 200","service":"api-gateway","timestamp":"2025-05-18T06:15:16.570Z"}
{"level":"info","message":"Received POST xrequest to /v1/media/upload","service":"api-gateway","timestamp":"2025-05-18T06:15:50.429Z"}
{"level":"info","message":"Request body, [object Object]","service":"api-gateway","timestamp":"2025-05-18T06:15:50.430Z"}
{"level":"info","message":"Response received from media service: 400","service":"api-gateway","timestamp":"2025-05-18T06:15:50.468Z"}
{"level":"info","message":"Received POST xrequest to /v1/media/upload","service":"api-gateway","timestamp":"2025-05-18T06:16:53.675Z"}
{"level":"info","message":"Request body, undefined","service":"api-gateway","timestamp":"2025-05-18T06:16:53.676Z"}
{"level":"info","message":"Response received from media service: 500","service":"api-gateway","timestamp":"2025-05-18T06:16:53.758Z"}
{"level":"info","message":"Received POST xrequest to /v1/media/upload","service":"api-gateway","timestamp":"2025-05-18T06:19:48.195Z"}
{"level":"info","message":"Request body, undefined","service":"api-gateway","timestamp":"2025-05-18T06:19:48.196Z"}
{"level":"info","message":"Response received from media service: 500","service":"api-gateway","timestamp":"2025-05-18T06:19:49.184Z"}
{"level":"info","message":"API Gateway is running on port 3001","service":"api-gateway","timestamp":"2025-05-18T06:37:32.639Z"}
{"level":"info","message":"Identity service is running on port http://localhost:3002","service":"api-gateway","timestamp":"2025-05-18T06:37:32.642Z"}
{"level":"info","message":"Post service is running on port http://localhost:3003","service":"api-gateway","timestamp":"2025-05-18T06:37:32.643Z"}
{"level":"info","message":"Media service is running on port http://localhost:3004","service":"api-gateway","timestamp":"2025-05-18T06:37:32.643Z"}
{"level":"info","message":"Redis is running on port redis://localhost:6379","service":"api-gateway","timestamp":"2025-05-18T06:37:32.643Z"}
{"level":"info","message":"Received POST xrequest to /v1/auth/login","service":"api-gateway","timestamp":"2025-05-18T06:41:17.037Z"}
{"level":"info","message":"Request body, [object Object]","service":"api-gateway","timestamp":"2025-05-18T06:41:17.037Z"}
{"level":"error","message":"Proxy error: ","service":"api-gateway","timestamp":"2025-05-18T06:41:17.044Z"}
{"level":"info","message":"Received POST xrequest to /v1/auth/login","service":"api-gateway","timestamp":"2025-05-18T06:42:18.161Z"}
{"level":"info","message":"Request body, [object Object]","service":"api-gateway","timestamp":"2025-05-18T06:42:18.162Z"}
{"level":"error","message":"Proxy error: ","service":"api-gateway","timestamp":"2025-05-18T06:42:18.164Z"}
{"level":"info","message":"Received POST xrequest to /v1/auth/login","service":"api-gateway","timestamp":"2025-05-18T06:42:47.197Z"}
{"level":"info","message":"Request body, [object Object]","service":"api-gateway","timestamp":"2025-05-18T06:42:47.197Z"}
{"level":"error","message":"Proxy error: ","service":"api-gateway","timestamp":"2025-05-18T06:42:47.200Z"}
{"level":"info","message":"Received GET xrequest to /v1/auth/login","service":"api-gateway","timestamp":"2025-05-18T06:59:26.694Z"}
{"level":"info","message":"Request body, [object Object]","service":"api-gateway","timestamp":"2025-05-18T06:59:26.697Z"}
{"level":"error","message":"Proxy error: ","service":"api-gateway","timestamp":"2025-05-18T06:59:26.703Z"}
{"level":"info","message":"Received POST xrequest to /v1/auth/login","service":"api-gateway","timestamp":"2025-05-18T06:59:37.763Z"}
{"level":"info","message":"Request body, [object Object]","service":"api-gateway","timestamp":"2025-05-18T06:59:37.764Z"}
{"level":"error","message":"Proxy error: ","service":"api-gateway","timestamp":"2025-05-18T06:59:37.776Z"}
{"level":"info","message":"API Gateway is running on port 3001","service":"api-gateway","timestamp":"2025-05-18T07:02:08.549Z"}
{"level":"info","message":"Identity service is running on port http://localhost:3002","service":"api-gateway","timestamp":"2025-05-18T07:02:08.553Z"}
{"level":"info","message":"Post service is running on port http://localhost:3003","service":"api-gateway","timestamp":"2025-05-18T07:02:08.553Z"}
{"level":"info","message":"Media service is running on port http://localhost:3004","service":"api-gateway","timestamp":"2025-05-18T07:02:08.554Z"}
{"level":"info","message":"Redis is running on port redis://localhost:6379","service":"api-gateway","timestamp":"2025-05-18T07:02:08.554Z"}
{"level":"info","message":"Received POST xrequest to /v1/auth/login","service":"api-gateway","timestamp":"2025-05-18T07:02:13.810Z"}
{"level":"info","message":"Request body, {\"email\":\"mahi@gmail.com\",\"password\":\"123456\"}","service":"api-gateway","timestamp":"2025-05-18T07:02:13.811Z"}
{"level":"error","message":"Proxy error: ","service":"api-gateway","timestamp":"2025-05-18T07:02:13.819Z"}
{"level":"info","message":"Received POST xrequest to /v1/auth/login","service":"api-gateway","timestamp":"2025-05-18T07:03:46.933Z"}
{"level":"info","message":"Request body, {\"email\":\"mahi@gmail.com\",\"password\":\"123456\"}","service":"api-gateway","timestamp":"2025-05-18T07:03:46.934Z"}
{"level":"info","message":"Response received from Identity service: 200","service":"api-gateway","timestamp":"2025-05-18T07:03:47.128Z"}
{"level":"info","message":"Received POST xrequest to /v1/media/upload","service":"api-gateway","timestamp":"2025-05-18T07:04:47.205Z"}
{"level":"info","message":"Request body, undefined","service":"api-gateway","timestamp":"2025-05-18T07:04:47.206Z"}
{"level":"info","message":"Response received from media service: 500","service":"api-gateway","timestamp":"2025-05-18T07:04:47.264Z"}
{"level":"info","message":"Received POST xrequest to /v1/media/upload","service":"api-gateway","timestamp":"2025-05-18T07:08:00.270Z"}
{"level":"info","message":"Request body, undefined","service":"api-gateway","timestamp":"2025-05-18T07:08:00.271Z"}
{"level":"info","message":"Response received from media service: 500","service":"api-gateway","timestamp":"2025-05-18T07:08:00.282Z"}
{"level":"info","message":"Received POST xrequest to /v1/media/upload","service":"api-gateway","timestamp":"2025-05-18T07:10:06.711Z"}
{"level":"info","message":"Request body, undefined","service":"api-gateway","timestamp":"2025-05-18T07:10:06.712Z"}
{"level":"info","message":"Response received from media service: 500","service":"api-gateway","timestamp":"2025-05-18T07:10:06.720Z"}
{"level":"info","message":"Received POST xrequest to /v1/media/upload","service":"api-gateway","timestamp":"2025-05-18T07:10:50.090Z"}
{"level":"info","message":"Request body, undefined","service":"api-gateway","timestamp":"2025-05-18T07:10:50.090Z"}
{"level":"info","message":"Response received from media service: 500","service":"api-gateway","timestamp":"2025-05-18T07:10:50.097Z"}
{"level":"info","message":"Received POST xrequest to /v1/media/upload","service":"api-gateway","timestamp":"2025-05-18T07:11:32.569Z"}
{"level":"info","message":"Request body, undefined","service":"api-gateway","timestamp":"2025-05-18T07:11:32.570Z"}
{"level":"info","message":"Response received from media service: 500","service":"api-gateway","timestamp":"2025-05-18T07:11:32.578Z"}
{"level":"info","message":"Received POST xrequest to /v1/media/upload","service":"api-gateway","timestamp":"2025-05-18T07:12:32.648Z"}
{"level":"info","message":"Request body, undefined","service":"api-gateway","timestamp":"2025-05-18T07:12:32.648Z"}
{"level":"info","message":"Response received from media service: 500","service":"api-gateway","timestamp":"2025-05-18T07:12:32.663Z"}
{"level":"info","message":"Received POST xrequest to /v1/media/upload","service":"api-gateway","timestamp":"2025-05-18T07:13:10.027Z"}
{"level":"info","message":"Request body, undefined","service":"api-gateway","timestamp":"2025-05-18T07:13:10.027Z"}
{"level":"info","message":"Response received from media service: 500","service":"api-gateway","timestamp":"2025-05-18T07:13:11.896Z"}
{"level":"info","message":"API Gateway is running on port 3001","service":"api-gateway","timestamp":"2025-05-18T14:16:04.485Z"}
{"level":"info","message":"Identity service is running on port http://localhost:3002","service":"api-gateway","timestamp":"2025-05-18T14:16:04.494Z"}
{"level":"info","message":"Post service is running on port http://localhost:3003","service":"api-gateway","timestamp":"2025-05-18T14:16:04.495Z"}
{"level":"info","message":"Media service is running on port http://localhost:3004","service":"api-gateway","timestamp":"2025-05-18T14:16:04.495Z"}
{"level":"info","message":"Redis is running on port redis://localhost:6379","service":"api-gateway","timestamp":"2025-05-18T14:16:04.496Z"}
{"level":"info","message":"Received POST xrequest to /v1/auth/login","service":"api-gateway","timestamp":"2025-05-18T14:16:55.364Z"}
{"level":"info","message":"Request body, {\"email\":\"yash@gmail.com\",\"password\":\"123456\"}","service":"api-gateway","timestamp":"2025-05-18T14:16:55.365Z"}
{"level":"info","message":"Response received from Identity service: 200","service":"api-gateway","timestamp":"2025-05-18T14:16:55.838Z"}
{"level":"info","message":"Received GET xrequest to /v1/posts/all-posts","service":"api-gateway","timestamp":"2025-05-18T14:17:34.079Z"}
{"level":"info","message":"Request body, undefined","service":"api-gateway","timestamp":"2025-05-18T14:17:34.079Z"}
{"level":"error","message":"Proxy error: ","service":"api-gateway","timestamp":"2025-05-18T14:17:34.096Z"}
{"level":"info","message":"API Gateway is running on port 3001","service":"api-gateway","timestamp":"2025-05-18T14:18:01.136Z"}
{"level":"info","message":"Identity service is running on port http://localhost:3002","service":"api-gateway","timestamp":"2025-05-18T14:18:01.157Z"}
{"level":"info","message":"Post service is running on port http://localhost:3003","service":"api-gateway","timestamp":"2025-05-18T14:18:01.160Z"}
{"level":"info","message":"Media service is running on port http://localhost:3004","service":"api-gateway","timestamp":"2025-05-18T14:18:01.165Z"}
{"level":"info","message":"Redis is running on port redis://localhost:6379","service":"api-gateway","timestamp":"2025-05-18T14:18:01.174Z"}
{"level":"info","message":"Received GET xrequest to /v1/posts/all-posts","service":"api-gateway","timestamp":"2025-05-18T14:18:17.648Z"}
{"level":"info","message":"Request body, undefined","service":"api-gateway","timestamp":"2025-05-18T14:18:17.649Z"}
{"level":"error","message":"Proxy error: ","service":"api-gateway","timestamp":"2025-05-18T14:18:17.666Z"}
{"level":"info","message":"Received GET xrequest to /v1/posts/all-posts","service":"api-gateway","timestamp":"2025-05-18T14:19:14.766Z"}
{"level":"info","message":"Request body, undefined","service":"api-gateway","timestamp":"2025-05-18T14:19:14.767Z"}
{"level":"error","message":"Proxy error: ","service":"api-gateway","timestamp":"2025-05-18T14:19:14.775Z"}
{"level":"info","message":"Received POST xrequest to /v1/auth/login","service":"api-gateway","timestamp":"2025-05-18T14:20:39.343Z"}
{"level":"info","message":"Request body, {\"email\":\"mahi@gmail.com\",\"password\":\"123456\"}","service":"api-gateway","timestamp":"2025-05-18T14:20:39.344Z"}
{"level":"info","message":"Response received from Identity service: 200","service":"api-gateway","timestamp":"2025-05-18T14:20:39.905Z"}
{"level":"info","message":"Received GET xrequest to /v1/posts/all-posts","service":"api-gateway","timestamp":"2025-05-18T14:20:55.211Z"}
{"level":"info","message":"Request body, undefined","service":"api-gateway","timestamp":"2025-05-18T14:20:55.212Z"}
{"level":"error","message":"Proxy error: ","service":"api-gateway","timestamp":"2025-05-18T14:20:55.219Z"}
{"level":"info","message":"API Gateway is running on port 3001","service":"api-gateway","timestamp":"2025-05-18T14:33:53.958Z"}
{"level":"info","message":"Identity service is running on port http://localhost:3002","service":"api-gateway","timestamp":"2025-05-18T14:33:53.973Z"}
{"level":"info","message":"Post service is running on port http://localhost:3003","service":"api-gateway","timestamp":"2025-05-18T14:33:53.976Z"}
{"level":"info","message":"Media service is running on port http://localhost:3004","service":"api-gateway","timestamp":"2025-05-18T14:33:53.977Z"}
{"level":"info","message":"Redis is running on port redis://localhost:6379","service":"api-gateway","timestamp":"2025-05-18T14:33:53.978Z"}
{"level":"info","message":"Received GET xrequest to /v1/posts/all-posts","service":"api-gateway","timestamp":"2025-05-18T14:34:21.019Z"}
{"level":"info","message":"Request body, undefined","service":"api-gateway","timestamp":"2025-05-18T14:34:21.021Z"}
{"level":"error","message":"Proxy error: ","service":"api-gateway","timestamp":"2025-05-18T14:34:21.039Z"}
{"level":"info","message":"API Gateway is running on port 3001","service":"api-gateway","timestamp":"2025-05-18T14:35:43.662Z"}
{"level":"info","message":"Identity service is running on port http://localhost:3002","service":"api-gateway","timestamp":"2025-05-18T14:35:43.672Z"}
{"level":"info","message":"Post service is running on port http://localhost:3003","service":"api-gateway","timestamp":"2025-05-18T14:35:43.672Z"}
{"level":"info","message":"Media service is running on port http://localhost:3004","service":"api-gateway","timestamp":"2025-05-18T14:35:43.673Z"}
{"level":"info","message":"Redis is running on port redis://localhost:6379","service":"api-gateway","timestamp":"2025-05-18T14:35:43.673Z"}
{"level":"info","message":"Received GET xrequest to /v1/posts/all-posts","service":"api-gateway","timestamp":"2025-05-18T14:35:52.826Z"}
{"level":"info","message":"Request body, undefined","service":"api-gateway","timestamp":"2025-05-18T14:35:52.827Z"}
{"level":"error","message":"Proxy error: ","service":"api-gateway","timestamp":"2025-05-18T14:35:52.848Z"}
{"level":"info","message":"Received GET xrequest to /v1/posts/all-posts","service":"api-gateway","timestamp":"2025-05-18T14:37:00.463Z"}
{"level":"info","message":"Request body, undefined","service":"api-gateway","timestamp":"2025-05-18T14:37:00.464Z"}
{"level":"info","message":"Response received from Post service: 200","service":"api-gateway","timestamp":"2025-05-18T14:37:00.625Z"}
{"level":"info","message":"API Gateway is running on port 3001","service":"api-gateway","timestamp":"2025-05-18T15:37:02.510Z"}
{"level":"info","message":"Identity service is running on port http://localhost:3002","service":"api-gateway","timestamp":"2025-05-18T15:37:02.516Z"}
{"level":"info","message":"Post service is running on port http://localhost:3003","service":"api-gateway","timestamp":"2025-05-18T15:37:02.517Z"}
{"level":"info","message":"Media service is running on port http://localhost:3004","service":"api-gateway","timestamp":"2025-05-18T15:37:02.517Z"}
{"level":"info","message":"Redis is running on port redis://localhost:6379","service":"api-gateway","timestamp":"2025-05-18T15:37:02.517Z"}
{"level":"info","message":"Received POST xrequest to /v1/auth/login","service":"api-gateway","timestamp":"2025-05-18T15:37:07.109Z"}
{"level":"info","message":"Request body, {\"email\":\"mahi@gmail.com\",\"password\":\"123456\"}","service":"api-gateway","timestamp":"2025-05-18T15:37:07.110Z"}
{"level":"info","message":"Response received from Identity service: 200","service":"api-gateway","timestamp":"2025-05-18T15:37:07.649Z"}
{"level":"info","message":"Received GET xrequest to /v1/posts/all-posts","service":"api-gateway","timestamp":"2025-05-18T15:37:50.011Z"}
{"level":"info","message":"Request body, undefined","service":"api-gateway","timestamp":"2025-05-18T15:37:50.012Z"}
{"level":"info","message":"Response received from Post service: 200","service":"api-gateway","timestamp":"2025-05-18T15:37:50.150Z"}
