{"level":"info","message":"Identity service running on port 3001","service":"identity-service","timestamp":"2025-05-13T10:55:53.572Z"}
{"level":"info","message":"MongoDB connected","service":"identity-service","timestamp":"2025-05-13T10:55:55.112Z"}
{"0":"r","1":"e","2":"a","3":"s","4":"o","5":"n","6":":","level":"error","message":"Unhandled Rejection at","service":"identity-service","timestamp":"2025-05-13T10:56:04.388Z"}
{"0":"r","1":"e","2":"a","3":"s","4":"o","5":"n","6":":","level":"error","message":"Unhandled Rejection at","service":"identity-service","timestamp":"2025-05-13T10:56:04.391Z"}
{"level":"info","message":"Identity service running on port 3001","service":"identity-service","timestamp":"2025-05-13T11:12:13.812Z"}
{"level":"info","message":"MongoDB connected","service":"identity-service","timestamp":"2025-05-13T11:12:15.304Z"}
{"level":"info","message":"Received POST request to /api/auth/register","service":"identity-service","timestamp":"2025-05-13T11:15:34.935Z"}
{"level":"info","message":"Request body, [object Object]","service":"identity-service","timestamp":"2025-05-13T11:15:34.947Z"}
{"level":"info","message":"Registration endpoint hit...","service":"identity-service","timestamp":"2025-05-13T11:15:35.010Z"}
{"level":"error","message":"Registration error occured validateRegistration is not a function","service":"identity-service","stack":"TypeError: validateRegistration is not a function\n    at resgiterUser (C:\\Users\\Yash.Dhawane\\OneDrive - Reliance Corporate IT Park Limited\\Documents\\study\\micro\\MIcroservice\\identity-service\\controllers\\identity-controller.js:12:25)\n    at Layer.handleRequest (C:\\Users\\Yash.Dhawane\\OneDrive - Reliance Corporate IT Park Limited\\Documents\\study\\micro\\MIcroservice\\identity-service\\node_modules\\router\\lib\\layer.js:152:17)\n    at next (C:\\Users\\Yash.Dhawane\\OneDrive - Reliance Corporate IT Park Limited\\Documents\\study\\micro\\MIcroservice\\identity-service\\node_modules\\router\\lib\\route.js:157:13)\n    at Route.dispatch (C:\\Users\\Yash.Dhawane\\OneDrive - Reliance Corporate IT Park Limited\\Documents\\study\\micro\\MIcroservice\\identity-service\\node_modules\\router\\lib\\route.js:117:3)\n    at handle (C:\\Users\\Yash.Dhawane\\OneDrive - Reliance Corporate IT Park Limited\\Documents\\study\\micro\\MIcroservice\\identity-service\\node_modules\\router\\index.js:435:11)\n    at Layer.handleRequest (C:\\Users\\Yash.Dhawane\\OneDrive - Reliance Corporate IT Park Limited\\Documents\\study\\micro\\MIcroservice\\identity-service\\node_modules\\router\\lib\\layer.js:152:17)\n    at C:\\Users\\Yash.Dhawane\\OneDrive - Reliance Corporate IT Park Limited\\Documents\\study\\micro\\MIcroservice\\identity-service\\node_modules\\router\\index.js:295:15\n    at processParams (C:\\Users\\Yash.Dhawane\\OneDrive - Reliance Corporate IT Park Limited\\Documents\\study\\micro\\MIcroservice\\identity-service\\node_modules\\router\\index.js:582:12)\n    at next (C:\\Users\\Yash.Dhawane\\OneDrive - Reliance Corporate IT Park Limited\\Documents\\study\\micro\\MIcroservice\\identity-service\\node_modules\\router\\index.js:291:5)\n    at Function.handle (C:\\Users\\Yash.Dhawane\\OneDrive - Reliance Corporate IT Park Limited\\Documents\\study\\micro\\MIcroservice\\identity-service\\node_modules\\router\\index.js:186:3)","timestamp":"2025-05-13T11:15:35.015Z"}
{"level":"info","message":"Identity service running on port 3001","service":"identity-service","timestamp":"2025-05-13T11:17:44.163Z"}
{"level":"info","message":"MongoDB connected","service":"identity-service","timestamp":"2025-05-13T11:17:45.768Z"}
{"level":"info","message":"Received POST request to /api/auth/register","service":"identity-service","timestamp":"2025-05-13T11:17:53.046Z"}
{"level":"info","message":"Request body, [object Object]","service":"identity-service","timestamp":"2025-05-13T11:17:53.047Z"}
{"level":"info","message":"Registration endpoint hit...","service":"identity-service","timestamp":"2025-05-13T11:17:53.065Z"}
{"0":"\"","1":"e","10":" ","11":"r","12":"e","13":"q","14":"u","15":"i","16":"r","17":"e","18":"d","2":"m","3":"a","4":"i","5":"l","6":"\"","7":" ","8":"i","9":"s","level":"warn","message":"Validation error","service":"identity-service","timestamp":"2025-05-13T11:17:53.072Z"}
{"level":"info","message":"Received POST request to /api/auth/register","service":"identity-service","timestamp":"2025-05-13T11:19:32.549Z"}
{"level":"info","message":"Request body, [object Object]","service":"identity-service","timestamp":"2025-05-13T11:19:32.550Z"}
{"level":"info","message":"Registration endpoint hit...","service":"identity-service","timestamp":"2025-05-13T11:19:32.558Z"}
{"0":"\"","1":"e","10":"s","11":"t","12":" ","13":"b","14":"e","15":" ","16":"a","17":" ","18":"v","19":"a","2":"m","20":"l","21":"i","22":"d","23":" ","24":"e","25":"m","26":"a","27":"i","28":"l","3":"a","4":"i","5":"l","6":"\"","7":" ","8":"m","9":"u","level":"warn","message":"Validation error","service":"identity-service","timestamp":"2025-05-13T11:19:32.561Z"}
{"level":"info","message":"Received POST request to /api/auth/register","service":"identity-service","timestamp":"2025-05-13T11:19:59.679Z"}
{"level":"info","message":"Request body, [object Object]","service":"identity-service","timestamp":"2025-05-13T11:19:59.679Z"}
{"level":"info","message":"Registration endpoint hit...","service":"identity-service","timestamp":"2025-05-13T11:19:59.685Z"}
{"0":"\"","1":"p","10":" ","11":"l","12":"e","13":"n","14":"g","15":"t","16":"h","17":" ","18":"m","19":"u","2":"a","20":"s","21":"t","22":" ","23":"b","24":"e","25":" ","26":"a","27":"t","28":" ","29":"l","3":"s","30":"e","31":"a","32":"s","33":"t","34":" ","35":"6","36":" ","37":"c","38":"h","39":"a","4":"s","40":"r","41":"a","42":"c","43":"t","44":"e","45":"r","46":"s","47":" ","48":"l","49":"o","5":"w","50":"n","51":"g","6":"o","7":"r","8":"d","9":"\"","level":"warn","message":"Validation error","service":"identity-service","timestamp":"2025-05-13T11:19:59.688Z"}
{"level":"info","message":"Received POST request to /api/auth/register","service":"identity-service","timestamp":"2025-05-13T11:20:06.019Z"}
{"level":"info","message":"Request body, [object Object]","service":"identity-service","timestamp":"2025-05-13T11:20:06.020Z"}
{"level":"info","message":"Registration endpoint hit...","service":"identity-service","timestamp":"2025-05-13T11:20:06.023Z"}
{"buffer":{"data":[104,35,42,230,73,108,208,246,178,90,203,171],"type":"Buffer"},"level":"warn","message":"User saved successfully","service":"identity-service","timestamp":"2025-05-13T11:20:06.467Z"}
{"level":"info","message":"Received POST request to /api/auth/register","service":"identity-service","timestamp":"2025-05-13T11:22:45.944Z"}
{"level":"info","message":"Request body, [object Object]","service":"identity-service","timestamp":"2025-05-13T11:22:45.957Z"}
{"level":"info","message":"Registration endpoint hit...","service":"identity-service","timestamp":"2025-05-13T11:22:46.005Z"}
{"level":"warn","message":"User already exists","service":"identity-service","timestamp":"2025-05-13T11:22:46.151Z"}
{"level":"info","message":"Received POST request to /api/auth/register","service":"identity-service","timestamp":"2025-05-13T11:25:11.685Z"}
{"level":"info","message":"Request body, [object Object]","service":"identity-service","timestamp":"2025-05-13T11:25:11.695Z"}
{"level":"info","message":"Registration endpoint hit...","service":"identity-service","timestamp":"2025-05-13T11:25:11.725Z"}
{"level":"warn","message":"User already exists","service":"identity-service","timestamp":"2025-05-13T11:25:11.915Z"}
{"level":"info","message":"Received POST request to /api/auth/register","service":"identity-service","timestamp":"2025-05-13T11:25:12.580Z"}
{"level":"info","message":"Request body, [object Object]","service":"identity-service","timestamp":"2025-05-13T11:25:12.580Z"}
{"level":"info","message":"Registration endpoint hit...","service":"identity-service","timestamp":"2025-05-13T11:25:12.586Z"}
{"level":"warn","message":"User already exists","service":"identity-service","timestamp":"2025-05-13T11:25:12.701Z"}
{"level":"info","message":"Received POST request to /api/auth/register","service":"identity-service","timestamp":"2025-05-13T11:25:13.153Z"}
{"level":"info","message":"Request body, [object Object]","service":"identity-service","timestamp":"2025-05-13T11:25:13.153Z"}
{"level":"info","message":"Registration endpoint hit...","service":"identity-service","timestamp":"2025-05-13T11:25:13.157Z"}
{"level":"warn","message":"User already exists","service":"identity-service","timestamp":"2025-05-13T11:25:13.246Z"}
{"level":"info","message":"Received POST request to /api/auth/register","service":"identity-service","timestamp":"2025-05-13T11:25:14.224Z"}
{"level":"info","message":"Request body, [object Object]","service":"identity-service","timestamp":"2025-05-13T11:25:14.224Z"}
{"level":"info","message":"Registration endpoint hit...","service":"identity-service","timestamp":"2025-05-13T11:25:14.227Z"}
{"level":"warn","message":"User already exists","service":"identity-service","timestamp":"2025-05-13T11:25:14.324Z"}
{"level":"info","message":"Received POST request to /api/auth/register","service":"identity-service","timestamp":"2025-05-13T11:25:15.258Z"}
{"level":"info","message":"Request body, [object Object]","service":"identity-service","timestamp":"2025-05-13T11:25:15.258Z"}
{"level":"info","message":"Registration endpoint hit...","service":"identity-service","timestamp":"2025-05-13T11:25:15.262Z"}
{"level":"warn","message":"User already exists","service":"identity-service","timestamp":"2025-05-13T11:25:15.372Z"}
{"level":"info","message":"Received POST request to /api/auth/register","service":"identity-service","timestamp":"2025-05-13T11:25:16.157Z"}
{"level":"info","message":"Request body, [object Object]","service":"identity-service","timestamp":"2025-05-13T11:25:16.158Z"}
{"level":"info","message":"Registration endpoint hit...","service":"identity-service","timestamp":"2025-05-13T11:25:16.162Z"}
{"level":"warn","message":"User already exists","service":"identity-service","timestamp":"2025-05-13T11:25:16.301Z"}
{"level":"info","message":"Received POST request to /api/auth/register","service":"identity-service","timestamp":"2025-05-13T11:25:17.058Z"}
{"level":"info","message":"Request body, [object Object]","service":"identity-service","timestamp":"2025-05-13T11:25:17.058Z"}
{"level":"info","message":"Registration endpoint hit...","service":"identity-service","timestamp":"2025-05-13T11:25:17.062Z"}
{"level":"warn","message":"User already exists","service":"identity-service","timestamp":"2025-05-13T11:25:17.152Z"}
{"level":"info","message":"Received POST request to /api/auth/register","service":"identity-service","timestamp":"2025-05-13T11:25:17.916Z"}
{"level":"info","message":"Request body, [object Object]","service":"identity-service","timestamp":"2025-05-13T11:25:17.917Z"}
{"level":"info","message":"Registration endpoint hit...","service":"identity-service","timestamp":"2025-05-13T11:25:17.920Z"}
{"level":"warn","message":"User already exists","service":"identity-service","timestamp":"2025-05-13T11:25:18.016Z"}
{"level":"info","message":"Received POST request to /api/auth/register","service":"identity-service","timestamp":"2025-05-13T11:25:18.696Z"}
{"level":"info","message":"Request body, [object Object]","service":"identity-service","timestamp":"2025-05-13T11:25:18.697Z"}
{"level":"info","message":"Registration endpoint hit...","service":"identity-service","timestamp":"2025-05-13T11:25:18.700Z"}
{"level":"warn","message":"User already exists","service":"identity-service","timestamp":"2025-05-13T11:25:18.798Z"}
{"level":"info","message":"Received POST request to /api/auth/register","service":"identity-service","timestamp":"2025-05-13T11:25:19.594Z"}
{"level":"info","message":"Request body, [object Object]","service":"identity-service","timestamp":"2025-05-13T11:25:19.595Z"}
{"level":"info","message":"Registration endpoint hit...","service":"identity-service","timestamp":"2025-05-13T11:25:19.598Z"}
{"level":"warn","message":"User already exists","service":"identity-service","timestamp":"2025-05-13T11:25:19.727Z"}
{"level":"info","message":"Received POST request to /api/auth/register","service":"identity-service","timestamp":"2025-05-13T11:25:20.345Z"}
{"level":"info","message":"Request body, [object Object]","service":"identity-service","timestamp":"2025-05-13T11:25:20.346Z"}
{"level":"info","message":"Registration endpoint hit...","service":"identity-service","timestamp":"2025-05-13T11:25:20.350Z"}
{"level":"warn","message":"User already exists","service":"identity-service","timestamp":"2025-05-13T11:25:20.459Z"}
{"level":"info","message":"Received POST request to /api/auth/register","service":"identity-service","timestamp":"2025-05-13T11:25:21.285Z"}
{"level":"info","message":"Request body, [object Object]","service":"identity-service","timestamp":"2025-05-13T11:25:21.285Z"}
{"level":"info","message":"Registration endpoint hit...","service":"identity-service","timestamp":"2025-05-13T11:25:21.289Z"}
{"level":"warn","message":"User already exists","service":"identity-service","timestamp":"2025-05-13T11:25:21.384Z"}
{"level":"info","message":"Received POST request to /api/auth/register","service":"identity-service","timestamp":"2025-05-13T11:25:22.068Z"}
{"level":"info","message":"Request body, [object Object]","service":"identity-service","timestamp":"2025-05-13T11:25:22.068Z"}
{"level":"info","message":"Registration endpoint hit...","service":"identity-service","timestamp":"2025-05-13T11:25:22.075Z"}
{"level":"warn","message":"User already exists","service":"identity-service","timestamp":"2025-05-13T11:25:22.178Z"}
{"level":"info","message":"Received POST request to /api/auth/register","service":"identity-service","timestamp":"2025-05-13T11:25:32.355Z"}
{"level":"info","message":"Request body, [object Object]","service":"identity-service","timestamp":"2025-05-13T11:25:32.355Z"}
{"level":"info","message":"Registration endpoint hit...","service":"identity-service","timestamp":"2025-05-13T11:25:32.358Z"}
{"level":"warn","message":"User already exists","service":"identity-service","timestamp":"2025-05-13T11:25:32.492Z"}
{"level":"info","message":"Identity service running on port 3001","service":"identity-service","timestamp":"2025-05-13T11:34:17.093Z"}
{"level":"info","message":"MongoDB connected","service":"identity-service","timestamp":"2025-05-13T11:34:17.818Z"}
{"level":"info","message":"Received POST request to /api/auth/register","service":"identity-service","timestamp":"2025-05-13T11:35:29.781Z"}
{"level":"info","message":"Request body, [object Object]","service":"identity-service","timestamp":"2025-05-13T11:35:29.782Z"}
{"level":"info","message":"Registration endpoint hit...","service":"identity-service","timestamp":"2025-05-13T11:35:29.817Z"}
{"level":"warn","message":"User already exists","service":"identity-service","timestamp":"2025-05-13T11:35:29.876Z"}
{"level":"info","message":"Received POST request to /api/auth/register","service":"identity-service","timestamp":"2025-05-13T11:38:13.669Z"}
{"level":"info","message":"Request body, [object Object]","service":"identity-service","timestamp":"2025-05-13T11:38:13.671Z"}
{"level":"info","message":"Registration endpoint hit...","service":"identity-service","timestamp":"2025-05-13T11:38:13.696Z"}
{"level":"warn","message":"User already exists","service":"identity-service","timestamp":"2025-05-13T11:38:13.772Z"}
{"level":"info","message":"Received POST request to /api/auth/register","service":"identity-service","timestamp":"2025-05-13T11:38:44.232Z"}
{"level":"info","message":"Request body, [object Object]","service":"identity-service","timestamp":"2025-05-13T11:38:44.233Z"}
{"level":"info","message":"Registration endpoint hit...","service":"identity-service","timestamp":"2025-05-13T11:38:44.240Z"}
{"buffer":{"data":[104,35,47,68,108,1,32,112,125,47,6,207],"type":"Buffer"},"level":"warn","message":"User saved successfully","service":"identity-service","timestamp":"2025-05-13T11:38:44.580Z"}
{"level":"info","message":"Identity service running on port 3001","service":"identity-service","timestamp":"2025-05-13T11:45:19.303Z"}
{"level":"info","message":"MongoDB connected","service":"identity-service","timestamp":"2025-05-13T11:45:19.961Z"}
{"level":"info","message":"Received POST request to /api/auth/register","service":"identity-service","timestamp":"2025-05-13T11:46:01.295Z"}
{"level":"info","message":"Request body, [object Object]","service":"identity-service","timestamp":"2025-05-13T11:46:01.296Z"}
{"level":"info","message":"Registration endpoint hit...","service":"identity-service","timestamp":"2025-05-13T11:46:01.316Z"}
{"level":"warn","message":"User already exists","service":"identity-service","timestamp":"2025-05-13T11:46:01.371Z"}
{"level":"info","message":"Received POST request to /api/auth/register","service":"identity-service","timestamp":"2025-05-13T11:46:02.305Z"}
{"level":"info","message":"Request body, [object Object]","service":"identity-service","timestamp":"2025-05-13T11:46:02.306Z"}
{"level":"info","message":"Registration endpoint hit...","service":"identity-service","timestamp":"2025-05-13T11:46:02.311Z"}
{"level":"warn","message":"User already exists","service":"identity-service","timestamp":"2025-05-13T11:46:02.340Z"}
{"level":"info","message":"Received POST request to /api/auth/register","service":"identity-service","timestamp":"2025-05-13T11:46:03.193Z"}
{"level":"info","message":"Request body, [object Object]","service":"identity-service","timestamp":"2025-05-13T11:46:03.194Z"}
{"level":"warn","message":"Rate limit exceeded for IP: ::1","service":"identity-service","timestamp":"2025-05-13T11:46:03.198Z"}
{"level":"info","message":"Identity service running on port 3001","service":"identity-service","timestamp":"2025-05-13T11:46:55.838Z"}
{"level":"info","message":"MongoDB connected","service":"identity-service","timestamp":"2025-05-13T11:46:56.953Z"}
