{"level":"error","message":"Mongo connection error The `uri` parameter to `openUri()` must be a string, got \"undefined\". Make sure the first parameter to `mongoose.connect()` or `mongoose.createConnection()` is a string.","service":"search-service","stack":"MongooseError: The `uri` parameter to `openUri()` must be a string, got \"undefined\". Make sure the first parameter to `mongoose.connect()` or `mongoose.createConnection()` is a string.\n    at NativeConnection.createClient (C:\\Users\\Yash.Dhawane\\OneDrive - Reliance Corporate IT Park Limited\\Documents\\study\\micro\\MIcroservice\\search-service\\node_modules\\mongoose\\lib\\drivers\\node-mongodb-native\\connection.js:237:11)\n    at NativeConnection.openUri (C:\\Users\\Yash.Dhawane\\OneDrive - Reliance Corporate IT Park Limited\\Documents\\study\\micro\\MIcroservice\\search-service\\node_modules\\mongoose\\lib\\connection.js:1071:34)\n    at Mongoose.connect (C:\\Users\\Yash.Dhawane\\OneDrive - Reliance Corporate IT Park Limited\\Documents\\study\\micro\\MIcroservice\\search-service\\node_modules\\mongoose\\lib\\mongoose.js:450:15)\n    at Object.<anonymous> (C:\\Users\\Yash.Dhawane\\OneDrive - Reliance Corporate IT Park Limited\\Documents\\study\\micro\\MIcroservice\\search-service\\src\\server.js:21:4)\n    at Module._compile (node:internal/modules/cjs/loader:1369:14)\n    at Module._extensions..js (node:internal/modules/cjs/loader:1427:10)\n    at Module.load (node:internal/modules/cjs/loader:1206:32)\n    at Module._load (node:internal/modules/cjs/loader:1022:12)\n    at Function.executeUserEntryPoint [as runMain] (node:internal/modules/run_main:135:12)\n    at node:internal/main/run_main_module:28:49","timestamp":"2025-05-18T16:23:04.274Z"}
{"code":"ECONNREFUSED","level":"error","message":"Error connecting to rabbit mq","service":"search-service","stack":"AggregateError [ECONNREFUSED]: \n    at internalConnectMultiple (node:net:1116:18)\n    at afterConnectMultiple (node:net:1683:7)","timestamp":"2025-05-18T16:23:04.316Z"}
{"code":"ECONNREFUSED","level":"error","message":"Error connecting to rabbit mq","service":"search-service","stack":"AggregateError [ECONNREFUSED]: \n    at internalConnectMultiple (node:net:1116:18)\n    at afterConnectMultiple (node:net:1683:7)","timestamp":"2025-05-18T16:23:04.323Z"}
{"level":"info","message":"Connected to rabbit mq","service":"search-service","timestamp":"2025-05-18T16:29:19.945Z"}
{"level":"info","message":"Subscribed to event: post.created","service":"search-service","timestamp":"2025-05-18T16:29:19.964Z"}
{"level":"info","message":"Subscribed to event: post.deleted","service":"search-service","timestamp":"2025-05-18T16:29:19.976Z"}
{"level":"info","message":"Search service is running on port: 3005","service":"search-service","timestamp":"2025-05-18T16:29:19.982Z"}
{"level":"info","message":"Connected to mongodb","service":"search-service","timestamp":"2025-05-18T16:29:20.211Z"}
{"level":"info","message":"Received GET request to /api/search/posts?query=imagesm","service":"search-service","timestamp":"2025-05-18T16:36:52.405Z"}
{"level":"info","message":"Request body, [object Object]","service":"search-service","timestamp":"2025-05-18T16:36:52.411Z"}
{"level":"info","message":"Search endpoint hit!","service":"search-service","timestamp":"2025-05-18T16:36:52.413Z"}
{"level":"info","message":"Search post created: 682a0d2507180e0a188d9f4c, 682a0d2510c89c92e9d74f1d","service":"search-service","timestamp":"2025-05-18T16:39:01.360Z"}
{"level":"info","message":"Received GET request to /api/search/posts?query=imagesm","service":"search-service","timestamp":"2025-05-18T16:39:07.937Z"}
{"level":"info","message":"Request body, [object Object]","service":"search-service","timestamp":"2025-05-18T16:39:07.938Z"}
{"level":"info","message":"Search endpoint hit!","service":"search-service","timestamp":"2025-05-18T16:39:07.939Z"}
{"level":"info","message":"Received GET request to /api/search/posts?query=seacrch","service":"search-service","timestamp":"2025-05-18T16:39:15.977Z"}
{"level":"info","message":"Request body, [object Object]","service":"search-service","timestamp":"2025-05-18T16:39:15.977Z"}
{"level":"info","message":"Search endpoint hit!","service":"search-service","timestamp":"2025-05-18T16:39:15.978Z"}
{"level":"info","message":"Received GET request to /api/search/posts?query=search","service":"search-service","timestamp":"2025-05-18T16:39:21.337Z"}
{"level":"info","message":"Request body, [object Object]","service":"search-service","timestamp":"2025-05-18T16:39:21.337Z"}
{"level":"info","message":"Search endpoint hit!","service":"search-service","timestamp":"2025-05-18T16:39:21.338Z"}
{"level":"info","message":"Search post deleted: 6829ef733a1e01068fdd3204}","service":"search-service","timestamp":"2025-05-18T16:40:43.365Z"}
